Base path: /Applications/Unity/Unity.app/Contents
<<<<<<< HEAD
Pipe name: \\.\pipe\UnityShaderCompiler-64bit-1-2098987776
Cmd: getPlatforms
Cmd: compileSnippet
  api=0 type=0 insize=1089 outsize=656 kw= ok=1
Cmd: compileSnippet
  api=0 type=1 insize=1089 outsize=6 kw= ok=1
Cmd: compileSnippet
  api=0 type=0 insize=1051 outsize=569 kw= ok=1
Cmd: compileSnippet
  api=0 type=1 insize=1051 outsize=6 kw= ok=1
=======
Pipe name: \\.\pipe\UnityShaderCompiler-64bit-1-2107347712
Cmd: getPlatforms
Cmd: compileSnippet
  api=0 type=0 insize=1089 outsize=669 kw= ok=1
Cmd: compileSnippet
  api=0 type=1 insize=1089 outsize=6 kw= ok=1
>>>>>>> master
